14:18:48 ctx-optimize query mq-deadline dispatch request
14:18:53 ctx-optimize card dd_dispatch_request
14:18:54 ctx-optimize card __dd_dispatch_request
14:19:20 ctx-optimize card bio_split
14:19:38 ctx-optimize query bio split before submission decide
14:19:46 ctx-optimize card __bio_split_to_limits
14:19:47 ctx-optimize query bio_split_rw get_max_io_size
14:19:52 ctx-optimize card bio_may_need_split
14:19:53 ctx-optimize card bio_split_to_limits
14:20:11 ctx-optimize card bio_split
14:20:34 ctx-optimize query merge bio back of request
14:20:49 ctx-optimize query bfq budget timeout expire
14:21:27 ctx-optimize query partition table detection scan disk
14:21:32 ctx-optimize card bdev_disk_changed
14:21:33 ctx-optimize card check_partition
14:21:34 ctx-optimize query add partition sysfs bdev_add_partition
14:21:42 ctx-optimize card blk_add_partitions
14:21:56 ctx-optimize query blk_mq_run_hw_queue calls
14:22:01 ctx-optimize card blk_mq_run_hw_queue
14:22:22 ctx-optimize card blk_start_plug
14:22:23 ctx-optimize card blk_finish_plug
14:22:29 ctx-optimize card __blk_flush_plug
14:22:30 ctx-optimize query blk_plug struct fields mq_list cached_rq
14:22:32 ctx-optimize query blk_flush_plug called before schedule io_schedule
14:22:38 ctx-optimize card blk_flush_plug
14:22:40 ctx-optimize query sched_submit_work blk_flush_plug schedule
14:23:28 ctx-optimize query wbt writeback throttling wait
14:23:34 ctx-optimize query wbt_wait rq_qos block throttle
14:23:40 ctx-optimize card wbt_wait
14:23:41 ctx-optimize card rq_qos_throttle
14:23:42 ctx-optimize query rq_qos_throttle submit_bio_noacct bio_set_flag
14:23:48 ctx-optimize card __wbt_wait
14:23:49 ctx-optimize card __rq_qos_throttle
14:24:07 ctx-optimize query submit_bio bio submission block layer split plug merge scheduler dispatch
14:24:13 ctx-optimize card submit_bio
14:24:14 ctx-optimize card submit_bio_noacct
14:24:15 ctx-optimize card blk_mq_submit_bio
14:24:21 ctx-optimize card __submit_bio
14:24:22 ctx-optimize card blk_add_rq_to_plug
14:24:23 ctx-optimize card blk_mq_flush_plug_list
14:24:27 ctx-optimize card blk_mq_dispatch_queue_requests
14:24:28 ctx-optimize card blk_mq_dispatch_list
14:24:29 ctx-optimize card blk_mq_sched_insert_request
14:24:31 ctx-optimize card blk_mq_attempt_bio_merge
14:24:35 ctx-optimize card blk_mq_run_hw_queue
14:24:37 ctx-optimize card __blk_mq_run_hw_queue
14:24:38 ctx-optimize card blk_mq_sched_dispatch_requests
14:24:42 ctx-optimize card __blk_mq_sched_dispatch_requests
14:24:43 ctx-optimize card blk_mq_do_dispatch_sched
14:24:44 ctx-optimize card blk_mq_dispatch_rq_list
14:24:51 ctx-optimize card bio_split_to_limits
14:24:52 ctx-optimize card blk_mq_bio_to_request
14:25:01 ctx-optimize card blk_mq_try_issue_directly
14:25:33 ctx-optimize query I/O scheduler dispatch request elevator
14:25:38 ctx-optimize card bfq_dispatch_request
14:25:39 ctx-optimize card kyber_dispatch_request
14:25:40 ctx-optimize card dd_dispatch_request
